This file contains any messages produced by compilers while
running configure, to aid debugging if configure makes a mistake.

It was created by prophet configure 0.1, which was
generated by GNU Autoconf 2.69.  Invocation command line was

  $ configure 

## --------- ##
## Platform. ##
## --------- ##

hostname = artemislinux
uname -m = x86_64
uname -r = 5.4.0-84-generic
uname -s = Linux
uname -v = #94-Ubuntu SMP Thu Aug 26 20:27:37 UTC 2021

/usr/bin/uname -p = unknown
/bin/uname -X     = unknown

/bin/arch              = unknown
/usr/bin/arch -k       = unknown
/usr/convex/getsysinfo = unknown
/usr/bin/hostinfo      = unknown
/bin/machine           = unknown
/usr/bin/oslevel       = unknown
/bin/universe          = unknown

PATH: /home/rshariffdeen/.opam/4.05.0/bin
PATH: /home/rshariffdeen/.local/bin
PATH: /home/rshariffdeen/bin
PATH: /usr/local/sbin
PATH: /usr/local/bin
PATH: /usr/sbin
PATH: /usr/bin
PATH: /sbin
PATH: /bin
PATH: /usr/games
PATH: /usr/local/games
PATH: /snap/bin


## ----------- ##
## Core tests. ##
## ----------- ##

configure:2497: checking for a BSD-compatible install
configure:2565: result: /usr/bin/install -c
configure:2576: checking whether build environment is sane
configure:2631: result: yes
configure:2780: checking for a thread-safe mkdir -p
configure:2819: result: /bin/mkdir -p
configure:2826: checking for gawk
configure:2842: found /usr/bin/gawk
configure:2853: result: gawk
configure:2864: checking whether make sets $(MAKE)
configure:2886: result: yes
configure:2915: checking whether make supports nested variables
configure:2932: result: yes
configure:3069: checking whether make supports nested variables
configure:3086: result: yes
configure:3103: checking whether make supports the include directive
configure:3118: make -f confmf.GNU && cat confinc.out
this is the am__doit target
configure:3121: $? = 0
configure:3140: result: yes (GNU style)
configure:3210: checking for gcc
configure:3226: found /usr/bin/gcc
configure:3237: result: gcc
configure:3466: checking for C compiler version
configure:3475: gcc --version >&5
gcc (Ubuntu 9.3.0-17ubuntu1~20.04) 9.3.0
Copyright (C) 2019 Free Software Foundation, Inc.
This is free software; see the source for copying conditions.  There is NO
warranty; not even for MERCHANTABILITY or FITNESS FOR A PARTICULAR PURPOSE.

configure:3486: $? = 0
configure:3475: gcc -v >&5
Using built-in specs.
COLLECT_GCC=gcc
COLLECT_LTO_WRAPPER=/usr/lib/gcc/x86_64-linux-gnu/9/lto-wrapper
OFFLOAD_TARGET_NAMES=nvptx-none:hsa
OFFLOAD_TARGET_DEFAULT=1
Target: x86_64-linux-gnu
Configured with: ../src/configure -v --with-pkgversion='Ubuntu 9.3.0-17ubuntu1~20.04' --with-bugurl=file:///usr/share/doc/gcc-9/README.Bugs --enable-languages=c,ada,c++,go,brig,d,fortran,objc,obj-c++,gm2 --prefix=/usr --with-gcc-major-version-only --program-suffix=-9 --program-prefix=x86_64-linux-gnu- --enable-shared --enable-linker-build-id --libexecdir=/usr/lib --without-included-gettext --enable-threads=posix --libdir=/usr/lib --enable-nls --enable-clocale=gnu --enable-libstdcxx-debug --enable-libstdcxx-time=yes --with-default-libstdcxx-abi=new --enable-gnu-unique-object --disable-vtable-verify --enable-plugin --enable-default-pie --with-system-zlib --with-target-system-zlib=auto --enable-objc-gc=auto --enable-multiarch --disable-werror --with-arch-32=i686 --with-abi=m64 --with-multilib-list=m32,m64,mx32 --enable-multilib --with-tune=generic --enable-offload-targets=nvptx-none=/build/gcc-9-HskZEa/gcc-9-9.3.0/debian/tmp-nvptx/usr,hsa --without-cuda-driver --enable-checking=release --build=x86_64-linux-gnu --host=x86_64-linux-gnu --target=x86_64-linux-gnu
Thread model: posix
gcc version 9.3.0 (Ubuntu 9.3.0-17ubuntu1~20.04) 
configure:3486: $? = 0
configure:3475: gcc -V >&5
gcc: error: unrecognized command line option '-V'
gcc: fatal error: no input files
compilation terminated.
configure:3486: $? = 1
configure:3475: gcc -qversion >&5
gcc: error: unrecognized command line option '-qversion'; did you mean '--version'?
gcc: fatal error: no input files
compilation terminated.
configure:3486: $? = 1
configure:3506: checking whether the C compiler works
configure:3528: gcc    conftest.c  >&5
configure:3532: $? = 0
configure:3580: result: yes
configure:3583: checking for C compiler default output file name
configure:3585: result: a.out
configure:3591: checking for suffix of executables
configure:3598: gcc -o conftest    conftest.c  >&5
configure:3602: $? = 0
configure:3624: result: 
configure:3646: checking whether we are cross compiling
configure:3654: gcc -o conftest    conftest.c  >&5
configure:3658: $? = 0
configure:3665: ./conftest
configure:3669: $? = 0
configure:3657: result: no
configure:3662: checking for suffix of object files
configure:3684: gcc -c   conftest.c >&5
configure:3688: $? = 0
configure:3709: result: o
configure:3713: checking whether we are using the GNU C compiler
configure:3732: gcc -c   conftest.c >&5
configure:3732: $? = 0
configure:3741: result: yes
configure:3750: checking whether gcc accepts -g
configure:3770: gcc -c -g  conftest.c >&5
configure:3770: $? = 0
configure:3811: result: yes
configure:3828: checking for gcc option to accept ISO C89
configure:3891: gcc  -c -g -O2  conftest.c >&5
configure:3891: $? = 0
configure:3904: result: none needed
configure:3929: checking whether gcc understands -c and -o together
configure:3951: gcc -c conftest.c -o conftest2.o
configure:3954: $? = 0
configure:3951: gcc -c conftest.c -o conftest2.o
configure:3954: $? = 0
configure:3966: result: yes
configure:3985: checking dependency style of gcc
configure:4096: result: gcc3
configure:4170: checking for g++
configure:4186: found /usr/bin/g++
configure:4197: result: g++
configure:4224: checking for C++ compiler version
configure:4233: g++ --version >&5
g++ (Ubuntu 9.3.0-17ubuntu1~20.04) 9.3.0
Copyright (C) 2019 Free Software Foundation, Inc.
This is free software; see the source for copying conditions.  There is NO
warranty; not even for MERCHANTABILITY or FITNESS FOR A PARTICULAR PURPOSE.

configure:4244: $? = 0
configure:4233: g++ -v >&5
Using built-in specs.
COLLECT_GCC=g++
COLLECT_LTO_WRAPPER=/usr/lib/gcc/x86_64-linux-gnu/9/lto-wrapper
OFFLOAD_TARGET_NAMES=nvptx-none:hsa
OFFLOAD_TARGET_DEFAULT=1
Target: x86_64-linux-gnu
Configured with: ../src/configure -v --with-pkgversion='Ubuntu 9.3.0-17ubuntu1~20.04' --with-bugurl=file:///usr/share/doc/gcc-9/README.Bugs --enable-languages=c,ada,c++,go,brig,d,fortran,objc,obj-c++,gm2 --prefix=/usr --with-gcc-major-version-only --program-suffix=-9 --program-prefix=x86_64-linux-gnu- --enable-shared --enable-linker-build-id --libexecdir=/usr/lib --without-included-gettext --enable-threads=posix --libdir=/usr/lib --enable-nls --enable-clocale=gnu --enable-libstdcxx-debug --enable-libstdcxx-time=yes --with-default-libstdcxx-abi=new --enable-gnu-unique-object --disable-vtable-verify --enable-plugin --enable-default-pie --with-system-zlib --with-target-system-zlib=auto --enable-objc-gc=auto --enable-multiarch --disable-werror --with-arch-32=i686 --with-abi=m64 --with-multilib-list=m32,m64,mx32 --enable-multilib --with-tune=generic --enable-offload-targets=nvptx-none=/build/gcc-9-HskZEa/gcc-9-9.3.0/debian/tmp-nvptx/usr,hsa --without-cuda-driver --enable-checking=release --build=x86_64-linux-gnu --host=x86_64-linux-gnu --target=x86_64-linux-gnu
Thread model: posix
gcc version 9.3.0 (Ubuntu 9.3.0-17ubuntu1~20.04) 
configure:4244: $? = 0
configure:4233: g++ -V >&5
g++: error: unrecognized command line option '-V'
g++: fatal error: no input files
compilation terminated.
configure:4244: $? = 1
configure:4233: g++ -qversion >&5
g++: error: unrecognized command line option '-qversion'; did you mean '--version'?
g++: fatal error: no input files
compilation terminated.
configure:4244: $? = 1
configure:4248: checking whether we are using the GNU C++ compiler
configure:4267: g++ -c   conftest.cpp >&5
configure:4267: $? = 0
configure:4276: result: yes
configure:4285: checking whether g++ accepts -g
configure:4305: g++ -c -g  conftest.cpp >&5
configure:4305: $? = 0
configure:4346: result: yes
configure:4371: checking dependency style of g++
configure:4482: result: gcc3
configure:4497: checking whether ln -s works
configure:4501: result: yes
configure:4509: checking for a sed that does not truncate output
configure:4573: result: /bin/sed
configure:4608: checking build system type
configure:4622: result: x86_64-pc-linux-gnu
configure:4642: checking host system type
configure:4655: result: x86_64-pc-linux-gnu
configure:4696: checking how to print strings
configure:4723: result: printf
configure:4744: checking for a sed that does not truncate output
configure:4808: result: /bin/sed
configure:4826: checking for grep that handles long lines and -e
configure:4884: result: /bin/grep
configure:4889: checking for egrep
configure:4951: result: /bin/grep -E
configure:4956: checking for fgrep
configure:5018: result: /bin/grep -F
configure:5053: checking for ld used by gcc
configure:5120: result: /usr/bin/ld
configure:5127: checking if the linker (/usr/bin/ld) is GNU ld
configure:5142: result: yes
configure:5154: checking for BSD- or MS-compatible name lister (nm)
configure:5208: result: /usr/bin/nm -B
configure:5338: checking the name lister (/usr/bin/nm -B) interface
configure:5345: gcc -c -g -O2  conftest.c >&5
configure:5348: /usr/bin/nm -B "conftest.o"
configure:5351: output
0000000000000000 B some_variable
configure:5352: result: BSD nm
configure:5356: checking the maximum length of command line arguments
configure:5487: result: 1572864
configure:5535: checking how to convert x86_64-pc-linux-gnu file names to x86_64-pc-linux-gnu format
configure:5575: result: func_convert_file_noop
configure:5582: checking how to convert x86_64-pc-linux-gnu file names to toolchain format
configure:5602: result: func_convert_file_noop
configure:5609: checking for /usr/bin/ld option to reload object files
configure:5616: result: -r
configure:5690: checking for objdump
configure:5706: found /usr/bin/objdump
configure:5717: result: objdump
configure:5749: checking how to recognize dependent libraries
configure:5949: result: pass_all
configure:6034: checking for dlltool
configure:6064: result: no
configure:6094: checking how to associate runtime and link libraries
configure:6121: result: printf %s\n
configure:6182: checking for ar
configure:6198: found /usr/bin/ar
configure:6209: result: ar
configure:6246: checking for archiver @FILE support
configure:6263: gcc -c -g -O2  conftest.c >&5
configure:6263: $? = 0
configure:6266: ar cr libconftest.a @conftest.lst >&5
configure:6269: $? = 0
configure:6274: ar cr libconftest.a @conftest.lst >&5
ar: conftest.o: No such file or directory
configure:6277: $? = 1
configure:6276: result: @
configure:6334: checking for strip
configure:6350: found /usr/bin/strip
configure:6361: result: strip
configure:6433: checking for ranlib
configure:6449: found /usr/bin/ranlib
configure:6460: result: ranlib
configure:6562: checking command to parse /usr/bin/nm -B output from gcc object
configure:6715: gcc -c -g -O2  conftest.c >&5
configure:6718: $? = 0
configure:6722: /usr/bin/nm -B conftest.o | sed -n -e 's/^.*[	 ]\([ABCDGIRSTW][ABCDGIRSTW]*\)[	 ][	 ]*\([_A-Za-z][_A-Za-z0-9]*\)$/\1 \2 \2/p' | sed '/ __gnu_lto/d' > conftest.nm
configure:6788: gcc -o conftest -g -O2   conftest.c conftstm.o >&5
configure:6791: $? = 0
configure:6829: result: ok
configure:6876: checking for sysroot
configure:6906: result: no
configure:6913: checking for a working dd
configure:6951: result: /bin/dd
configure:6955: checking how to truncate binary pipes
configure:6970: result: /bin/dd bs=4096 count=1
configure:7106: gcc -c -g -O2  conftest.c >&5
configure:7109: $? = 0
configure:7299: checking for mt
configure:7315: found /bin/mt
configure:7326: result: mt
configure:7349: checking if mt is a manifest tool
configure:7355: mt '-?'
configure:7363: result: no
configure:8040: checking how to run the C preprocessor
configure:8071: gcc -E  conftest.c
configure:8071: $? = 0
configure:8085: gcc -E  conftest.c
conftest.c:11:10: fatal error: ac_nonexistent.h: No such file or directory
   11 | #include <ac_nonexistent.h>
      |          ^~~~~~~~~~~~~~~~~~
compilation terminated.
configure:8085: $? = 1
configure: failed program was:
| /* confdefs.h */
| #define PACKAGE_NAME "prophet"
| #define PACKAGE_TARNAME "prophet"
| #define PACKAGE_VERSION "0.1"
| #define PACKAGE_STRING "prophet 0.1"
| #define PACKAGE_BUGREPORT "fanl@csail.mit.edu, zichaoqi@mit.edu"
| #define PACKAGE_URL ""
| #define PACKAGE "prophet"
| #define VERSION "0.1"
| /* end confdefs.h.  */
| #include <ac_nonexistent.h>
configure:8110: result: gcc -E
configure:8130: gcc -E  conftest.c
configure:8130: $? = 0
configure:8144: gcc -E  conftest.c
conftest.c:11:10: fatal error: ac_nonexistent.h: No such file or directory
   11 | #include <ac_nonexistent.h>
      |          ^~~~~~~~~~~~~~~~~~
compilation terminated.
configure:8144: $? = 1
configure: failed program was:
| /* confdefs.h */
| #define PACKAGE_NAME "prophet"
| #define PACKAGE_TARNAME "prophet"
| #define PACKAGE_VERSION "0.1"
| #define PACKAGE_STRING "prophet 0.1"
| #define PACKAGE_BUGREPORT "fanl@csail.mit.edu, zichaoqi@mit.edu"
| #define PACKAGE_URL ""
| #define PACKAGE "prophet"
| #define VERSION "0.1"
| /* end confdefs.h.  */
| #include <ac_nonexistent.h>
configure:8173: checking for ANSI C header files
configure:8193: gcc -c -g -O2  conftest.c >&5
configure:8193: $? = 0
configure:8266: gcc -o conftest -g -O2   conftest.c  >&5
configure:8266: $? = 0
configure:8266: ./conftest
configure:8266: $? = 0
configure:8277: result: yes
configure:8290: checking for sys/types.h
configure:8290: gcc -c -g -O2  conftest.c >&5
configure:8290: $? = 0
configure:8290: result: yes
configure:8290: checking for sys/stat.h
configure:8290: gcc -c -g -O2  conftest.c >&5
configure:8290: $? = 0
configure:8290: result: yes
configure:8290: checking for stdlib.h
configure:8290: gcc -c -g -O2  conftest.c >&5
configure:8290: $? = 0
configure:8290: result: yes
configure:8290: checking for string.h
configure:8290: gcc -c -g -O2  conftest.c >&5
configure:8290: $? = 0
configure:8290: result: yes
configure:8290: checking for memory.h
configure:8290: gcc -c -g -O2  conftest.c >&5
configure:8290: $? = 0
configure:8290: result: yes
configure:8290: checking for strings.h
configure:8290: gcc -c -g -O2  conftest.c >&5
configure:8290: $? = 0
configure:8290: result: yes
configure:8290: checking for inttypes.h
configure:8290: gcc -c -g -O2  conftest.c >&5
configure:8290: $? = 0
configure:8290: result: yes
configure:8290: checking for stdint.h
configure:8290: gcc -c -g -O2  conftest.c >&5
configure:8290: $? = 0
configure:8290: result: yes
configure:8290: checking for unistd.h
configure:8290: gcc -c -g -O2  conftest.c >&5
configure:8290: $? = 0
configure:8290: result: yes
configure:8304: checking for dlfcn.h
configure:8304: gcc -c -g -O2  conftest.c >&5
configure:8304: $? = 0
configure:8304: result: yes
configure:8569: checking for objdir
configure:8584: result: .libs
configure:8844: checking if gcc supports -fno-rtti -fno-exceptions
configure:8862: gcc -c -g -O2  -fno-rtti -fno-exceptions conftest.c >&5
cc1: warning: command line option '-fno-rtti' is valid for C++/D/ObjC++ but not for C
configure:8866: $? = 0
configure:8879: result: no
configure:9243: checking for gcc option to produce PIC
configure:9250: result: -fPIC -DPIC
configure:9258: checking if gcc PIC flag -fPIC -DPIC works
configure:9276: gcc -c -g -O2  -fPIC -DPIC -DPIC conftest.c >&5
configure:9280: $? = 0
configure:9293: result: yes
configure:9322: checking if gcc static flag -static works
configure:9350: result: yes
configure:9365: checking if gcc supports -c -o file.o
configure:9386: gcc -c -g -O2  -o out/conftest2.o conftest.c >&5
configure:9390: $? = 0
configure:9412: result: yes
configure:9420: checking if gcc supports -c -o file.o
configure:9467: result: yes
configure:9500: checking whether the gcc linker (/usr/bin/ld -m elf_x86_64) supports shared libraries
configure:10763: result: yes
configure:10800: checking whether -lc should be explicitly linked in
configure:10808: gcc -c -g -O2  conftest.c >&5
configure:10811: $? = 0
configure:10826: gcc -shared  -fPIC -DPIC conftest.o  -v -Wl,-soname -Wl,conftest -o conftest 2\>\&1 \| /bin/grep  -lc  \>/dev/null 2\>\&1
configure:10829: $? = 0
configure:10843: result: no
configure:11003: checking dynamic linker characteristics
configure:11584: gcc -o conftest -g -O2   -Wl,-rpath -Wl,/foo conftest.c  >&5
configure:11584: $? = 0
configure:11833: result: GNU/Linux ld.so
configure:11955: checking how to hardcode library paths into programs
configure:11980: result: immediate
configure:12528: checking whether stripping libraries is possible
configure:12533: result: yes
configure:12568: checking if libtool supports shared libraries
configure:12570: result: yes
configure:12573: checking whether to build shared libraries
configure:12598: result: yes
configure:12601: checking whether to build static libraries
configure:12605: result: no
configure:9404: checking how to run the C++ preprocessor
configure:9431: g++ -E  conftest.cpp
configure:9431: $? = 0
configure:9445: g++ -E  conftest.cpp
conftest.cpp:23:10: fatal error: ac_nonexistent.h: No such file or directory
   23 | #include <ac_nonexistent.h>
      |          ^~~~~~~~~~~~~~~~~~
compilation terminated.
configure:9445: $? = 1
configure: failed program was:
| /* confdefs.h */
| #define PACKAGE_NAME "prophet"
| #define PACKAGE_TARNAME "prophet"
| #define PACKAGE_VERSION "0.1"
| #define PACKAGE_STRING "prophet 0.1"
| #define PACKAGE_BUGREPORT "fanl@csail.mit.edu, zichaoqi@mit.edu"
| #define PACKAGE_URL ""
| #define PACKAGE "prophet"
| #define VERSION "0.1"
| #define STDC_HEADERS 1
| #define HAVE_SYS_TYPES_H 1
| #define HAVE_SYS_STAT_H 1
| #define HAVE_STDLIB_H 1
| #define HAVE_STRING_H 1
| #define HAVE_MEMORY_H 1
| #define HAVE_STRINGS_H 1
| #define HAVE_INTTYPES_H 1
| #define HAVE_STDINT_H 1
| #define HAVE_UNISTD_H 1
| #define HAVE_DLFCN_H 1
| #define LT_OBJDIR ".libs/"
| /* end confdefs.h.  */
| #include <ac_nonexistent.h>
configure:9470: result: g++ -E
configure:9490: g++ -E  conftest.cpp
configure:9490: $? = 0
configure:9504: g++ -E  conftest.cpp
conftest.cpp:23:10: fatal error: ac_nonexistent.h: No such file or directory
   23 | #include <ac_nonexistent.h>
      |          ^~~~~~~~~~~~~~~~~~
compilation terminated.
configure:9504: $? = 1
configure: failed program was:
| /* confdefs.h */
| #define PACKAGE_NAME "prophet"
| #define PACKAGE_TARNAME "prophet"
| #define PACKAGE_VERSION "0.1"
| #define PACKAGE_STRING "prophet 0.1"
| #define PACKAGE_BUGREPORT "fanl@csail.mit.edu, zichaoqi@mit.edu"
| #define PACKAGE_URL ""
| #define PACKAGE "prophet"
| #define VERSION "0.1"
| #define STDC_HEADERS 1
| #define HAVE_SYS_TYPES_H 1
| #define HAVE_SYS_STAT_H 1
| #define HAVE_STDLIB_H 1
| #define HAVE_STRING_H 1
| #define HAVE_MEMORY_H 1
| #define HAVE_STRINGS_H 1
| #define HAVE_INTTYPES_H 1
| #define HAVE_STDINT_H 1
| #define HAVE_UNISTD_H 1
| #define HAVE_DLFCN_H 1
| #define LT_OBJDIR ".libs/"
| /* end confdefs.h.  */
| #include <ac_nonexistent.h>
configure:9666: checking for ld used by g++
configure:9733: result: /usr/bin/ld -m elf_x86_64
configure:9740: checking if the linker (/usr/bin/ld -m elf_x86_64) is GNU ld
configure:9755: result: yes
configure:9810: checking whether the g++ linker (/usr/bin/ld -m elf_x86_64) supports shared libraries
configure:10883: result: yes
configure:10919: g++ -c -g -O2  conftest.cpp >&5
configure:10922: $? = 0
configure:11403: checking for g++ option to produce PIC
configure:11410: result: -fPIC -DPIC
configure:11418: checking if g++ PIC flag -fPIC -DPIC works
configure:11436: g++ -c -g -O2  -fPIC -DPIC -DPIC conftest.cpp >&5
configure:11440: $? = 0
configure:11453: result: yes
configure:11476: checking if g++ static flag -static works
configure:11504: result: yes
configure:11516: checking if g++ supports -c -o file.o
configure:11537: g++ -c -g -O2  -o out/conftest2.o conftest.cpp >&5
configure:11541: $? = 0
configure:11563: result: yes
configure:11568: checking if g++ supports -c -o file.o
configure:11615: result: yes
configure:11645: checking whether the g++ linker (/usr/bin/ld -m elf_x86_64) supports shared libraries
configure:11688: result: yes
configure:11829: checking dynamic linker characteristics
configure:12586: result: GNU/Linux ld.so
configure:12651: checking how to hardcode library paths into programs
configure:12676: result: immediate
configure:11602: checking size of void *
configure:11607: gcc -o conftest -g -O2   conftest.c  >&5
configure:11607: $? = 0
configure:11607: ./conftest
configure:11607: $? = 0
configure:11621: result: 8
configure:11635: checking size of int
configure:11640: gcc -o conftest -g -O2   conftest.c  >&5
configure:11640: $? = 0
configure:11640: ./conftest
configure:11640: $? = 0
configure:11654: result: 4
configure:11668: checking size of long
configure:11673: gcc -o conftest -g -O2   conftest.c  >&5
configure:11673: $? = 0
configure:11673: ./conftest
configure:11673: $? = 0
configure:11687: result: 8
configure:11803: checking that generated files are newer than configure
configure:11809: result: done
configure:11836: creating ./config.status

## ---------------------- ##
## Running config.status. ##
## ---------------------- ##

This file was extended by prophet config.status 0.1, which was
generated by GNU Autoconf 2.69.  Invocation command line was

  CONFIG_FILES    = 
  CONFIG_HEADERS  = 
  CONFIG_LINKS    = 
  CONFIG_COMMANDS = 
  $ ./config.status 

on artemislinux

config.status:1163: creating Makefile
config.status:1163: creating src/Makefile
config.status:1163: creating benchmarks/Makefile
config.status:1163: creating benchmarks/php-deps/Makefile
config.status:1163: creating benchmarks/lighttpd-deps/Makefile
config.status:1163: creating benchmarks/libtiff-deps/Makefile
config.status:1163: creating benchmarks/apache-deps/Makefile
config.status:1163: creating tests/Makefile
config.status:1163: creating tests/atlocal
config.status:1163: creating wrap/Makefile
config.status:1163: creating include/Makefile
config.status:1163: creating config.h
config.status:1392: executing tests/atconfig commands
config.status:1392: executing depfiles commands
config.status:1492: cd src       && sed -e '/# am--include-marker/d' Makefile         | make -f - am--depfiles
config.status:1497: $? = 0
config.status:1392: executing libtool commands

## ---------------- ##
## Cache variables. ##
## ---------------- ##

ac_cv_build=x86_64-pc-linux-gnu
ac_cv_c_compiler_gnu=yes
ac_cv_cxx_compiler_gnu=yes
ac_cv_env_CCC_set=
ac_cv_env_CCC_value=
ac_cv_env_CC_set=
ac_cv_env_CC_value=
ac_cv_env_CFLAGS_set=
ac_cv_env_CFLAGS_value=
ac_cv_env_CPPFLAGS_set=
ac_cv_env_CPPFLAGS_value=
ac_cv_env_CPP_set=
ac_cv_env_CPP_value=
ac_cv_env_CXXCPP_set=
ac_cv_env_CXXCPP_value=
ac_cv_env_CXXFLAGS_set=
ac_cv_env_CXXFLAGS_value=
ac_cv_env_CXX_set=
ac_cv_env_CXX_value=
ac_cv_env_LDFLAGS_set=
ac_cv_env_LDFLAGS_value=
ac_cv_env_LIBS_set=
ac_cv_env_LIBS_value=
ac_cv_env_LT_SYS_LIBRARY_PATH_set=
ac_cv_env_LT_SYS_LIBRARY_PATH_value=
ac_cv_env_build_alias_set=
ac_cv_env_build_alias_value=
ac_cv_env_host_alias_set=
ac_cv_env_host_alias_value=
ac_cv_env_target_alias_set=
ac_cv_env_target_alias_value=
ac_cv_header_dlfcn_h=yes
ac_cv_header_inttypes_h=yes
ac_cv_header_memory_h=yes
ac_cv_header_stdc=yes
ac_cv_header_stdint_h=yes
ac_cv_header_stdlib_h=yes
ac_cv_header_string_h=yes
ac_cv_header_strings_h=yes
ac_cv_header_sys_stat_h=yes
ac_cv_header_sys_types_h=yes
ac_cv_header_unistd_h=yes
ac_cv_host=x86_64-pc-linux-gnu
ac_cv_objext=o
ac_cv_path_EGREP='/bin/grep -E'
ac_cv_path_FGREP='/bin/grep -F'
ac_cv_path_GREP=/bin/grep
ac_cv_path_SED=/bin/sed
ac_cv_path_install='/usr/bin/install -c'
ac_cv_path_lt_DD=/bin/dd
ac_cv_path_mkdir=/bin/mkdir
ac_cv_prog_AWK=gawk
ac_cv_prog_CPP='gcc -E'
ac_cv_prog_CXXCPP='g++ -E'
ac_cv_prog_ac_ct_AR=ar
ac_cv_prog_ac_ct_CC=gcc
ac_cv_prog_ac_ct_CXX=g++
ac_cv_prog_ac_ct_MANIFEST_TOOL=mt
ac_cv_prog_ac_ct_OBJDUMP=objdump
ac_cv_prog_ac_ct_RANLIB=ranlib
ac_cv_prog_ac_ct_STRIP=strip
ac_cv_prog_cc_c89=
ac_cv_prog_cc_g=yes
ac_cv_prog_cxx_g=yes
ac_cv_prog_make_make_set=yes
ac_cv_sizeof_int=4
ac_cv_sizeof_long=8
ac_cv_sizeof_void_p=8
am_cv_CC_dependencies_compiler_type=gcc3
am_cv_CXX_dependencies_compiler_type=gcc3
am_cv_make_support_nested_variables=yes
am_cv_prog_cc_c_o=yes
lt_cv_ar_at_file=@
lt_cv_archive_cmds_need_lc=no
lt_cv_deplibs_check_method=pass_all
lt_cv_file_magic_cmd='$MAGIC_CMD'
lt_cv_file_magic_test_file=
lt_cv_ld_reload_flag=-r
lt_cv_nm_interface='BSD nm'
lt_cv_objdir=.libs
lt_cv_path_LD=/usr/bin/ld
lt_cv_path_LDCXX='/usr/bin/ld -m elf_x86_64'
lt_cv_path_NM='/usr/bin/nm -B'
lt_cv_path_mainfest_tool=no
lt_cv_prog_compiler_c_o=yes
lt_cv_prog_compiler_c_o_CXX=yes
lt_cv_prog_compiler_pic='-fPIC -DPIC'
lt_cv_prog_compiler_pic_CXX='-fPIC -DPIC'
lt_cv_prog_compiler_pic_works=yes
lt_cv_prog_compiler_pic_works_CXX=yes
lt_cv_prog_compiler_rtti_exceptions=no
lt_cv_prog_compiler_static_works=yes
lt_cv_prog_compiler_static_works_CXX=yes
lt_cv_prog_gnu_ld=yes
lt_cv_prog_gnu_ldcxx=yes
lt_cv_sharedlib_from_linklib_cmd='printf %s\n'
lt_cv_shlibpath_overrides_runpath=yes
lt_cv_sys_global_symbol_pipe='sed -n -e '\''s/^.*[	 ]\([ABCDGIRSTW][ABCDGIRSTW]*\)[	 ][	 ]*\([_A-Za-z][_A-Za-z0-9]*\)$/\1 \2 \2/p'\'' | sed '\''/ __gnu_lto/d'\'''
lt_cv_sys_global_symbol_to_c_name_address='sed -n -e '\''s/^: \(.*\) .*$/  {"\1", (void *) 0},/p'\'' -e '\''s/^[ABCDGIRSTW][ABCDGIRSTW]* .* \(.*\)$/  {"\1", (void *) \&\1},/p'\'''
lt_cv_sys_global_symbol_to_c_name_address_lib_prefix='sed -n -e '\''s/^: \(.*\) .*$/  {"\1", (void *) 0},/p'\'' -e '\''s/^[ABCDGIRSTW][ABCDGIRSTW]* .* \(lib.*\)$/  {"\1", (void *) \&\1},/p'\'' -e '\''s/^[ABCDGIRSTW][ABCDGIRSTW]* .* \(.*\)$/  {"lib\1", (void *) \&\1},/p'\'''
lt_cv_sys_global_symbol_to_cdecl='sed -n -e '\''s/^T .* \(.*\)$/extern int \1();/p'\'' -e '\''s/^[ABCDGIRSTW][ABCDGIRSTW]* .* \(.*\)$/extern char \1;/p'\'''
lt_cv_sys_global_symbol_to_import=
lt_cv_sys_max_cmd_len=1572864
lt_cv_to_host_file_cmd=func_convert_file_noop
lt_cv_to_tool_file_cmd=func_convert_file_noop
lt_cv_truncate_bin='/bin/dd bs=4096 count=1'

## ----------------- ##
## Output variables. ##
## ----------------- ##

ACLOCAL='${SHELL} /home/rshariffdeen/workspace/prophet/build-aux/missing aclocal-1.16'
AMDEPBACKSLASH='\'
AMDEP_FALSE='#'
AMDEP_TRUE=''
AMTAR='$${TAR-tar}'
AM_BACKSLASH='\'
AM_DEFAULT_V='$(AM_DEFAULT_VERBOSITY)'
AM_DEFAULT_VERBOSITY='0'
AM_V='$(V)'
AR='ar'
AUTOCONF='${SHELL} /home/rshariffdeen/workspace/prophet/build-aux/missing autoconf'
AUTOHEADER='${SHELL} /home/rshariffdeen/workspace/prophet/build-aux/missing autoheader'
AUTOMAKE='${SHELL} /home/rshariffdeen/workspace/prophet/build-aux/missing automake-1.16'
AWK='gawk'
CC='gcc'
CCDEPMODE='depmode=gcc3'
CFLAGS='-g -O2'
CPP='gcc -E'
CPPFLAGS=''
CXX='g++'
CXXCPP='g++ -E'
CXXDEPMODE='depmode=gcc3'
CXXFLAGS='-g -O2'
CYGPATH_W='echo'
DEFS='-DHAVE_CONFIG_H'
DEPDIR='.deps'
DLLTOOL='false'
DSYMUTIL=''
DUMPBIN=''
ECHO_C=''
ECHO_N='-n'
ECHO_T=''
EGREP='/bin/grep -E'
EXEEXT=''
FGREP='/bin/grep -F'
GREP='/bin/grep'
INSTALL_DATA='${INSTALL} -m 644'
INSTALL_PROGRAM='${INSTALL}'
INSTALL_SCRIPT='${INSTALL}'
INSTALL_STRIP_PROGRAM='$(install_sh) -c -s'
LD='/usr/bin/ld -m elf_x86_64'
LDFLAGS=''
LIBOBJS=''
LIBS=''
LIBTOOL='$(SHELL) $(top_builddir)/libtool'
LIPO=''
LN_S='ln -s'
LTLIBOBJS=''
LT_SYS_LIBRARY_PATH=''
MAKEINFO='${SHELL} /home/rshariffdeen/workspace/prophet/build-aux/missing makeinfo'
MANIFEST_TOOL=':'
MKDIR_P='/bin/mkdir -p'
NM='/usr/bin/nm -B'
NMEDIT=''
OBJDUMP='objdump'
OBJEXT='o'
OTOOL64=''
OTOOL=''
PACKAGE='prophet'
PACKAGE_BUGREPORT='fanl@csail.mit.edu, zichaoqi@mit.edu'
PACKAGE_NAME='prophet'
PACKAGE_STRING='prophet 0.1'
PACKAGE_TARNAME='prophet'
PACKAGE_URL=''
PACKAGE_VERSION='0.1'
PATH_SEPARATOR=':'
RANLIB='ranlib'
SED='/bin/sed'
SET_MAKE=''
SHELL='/bin/bash'
STRIP='strip'
VERSION='0.1'
ac_ct_AR='ar'
ac_ct_CC='gcc'
ac_ct_CXX='g++'
ac_ct_DUMPBIN=''
am__EXEEXT_FALSE=''
am__EXEEXT_TRUE='#'
am__fastdepCC_FALSE='#'
am__fastdepCC_TRUE=''
am__fastdepCXX_FALSE='#'
am__fastdepCXX_TRUE=''
am__include='include'
am__isrc=''
am__leading_dot='.'
am__nodep='_no'
am__quote=''
am__tar='$${TAR-tar} chof - "$$tardir"'
am__untar='$${TAR-tar} xf -'
bindir='${exec_prefix}/bin'
build='x86_64-pc-linux-gnu'
build_alias=''
build_cpu='x86_64'
build_os='linux-gnu'
build_vendor='pc'
datadir='${datarootdir}'
datarootdir='${prefix}/share'
docdir='${datarootdir}/doc/${PACKAGE_TARNAME}'
dvidir='${docdir}'
exec_prefix='${prefix}'
host='x86_64-pc-linux-gnu'
host_alias=''
host_cpu='x86_64'
host_os='linux-gnu'
host_vendor='pc'
htmldir='${docdir}'
includedir='${prefix}/include'
infodir='${datarootdir}/info'
install_sh='${SHELL} /home/rshariffdeen/workspace/prophet/build-aux/install-sh'
libdir='${exec_prefix}/lib'
libexecdir='${exec_prefix}/libexec'
localedir='${datarootdir}/locale'
localstatedir='${prefix}/var'
mandir='${datarootdir}/man'
mkdir_p='$(MKDIR_P)'
oldincludedir='/usr/include'
pdfdir='${docdir}'
prefix='/usr/local'
program_transform_name='s,x,x,'
psdir='${docdir}'
runstatedir='${localstatedir}/run'
sbindir='${exec_prefix}/sbin'
sharedstatedir='${prefix}/com'
sysconfdir='${prefix}/etc'
target_alias=''

## ----------- ##
## confdefs.h. ##
## ----------- ##

/* confdefs.h */
#define PACKAGE_NAME "prophet"
#define PACKAGE_TARNAME "prophet"
#define PACKAGE_VERSION "0.1"
#define PACKAGE_STRING "prophet 0.1"
#define PACKAGE_BUGREPORT "fanl@csail.mit.edu, zichaoqi@mit.edu"
#define PACKAGE_URL ""
#define PACKAGE "prophet"
#define VERSION "0.1"
#define STDC_HEADERS 1
#define HAVE_SYS_TYPES_H 1
#define HAVE_SYS_STAT_H 1
#define HAVE_STDLIB_H 1
#define HAVE_STRING_H 1
#define HAVE_MEMORY_H 1
#define HAVE_STRINGS_H 1
#define HAVE_INTTYPES_H 1
#define HAVE_STDINT_H 1
#define HAVE_UNISTD_H 1
#define HAVE_DLFCN_H 1
#define LT_OBJDIR ".libs/"
#define EXTRA_CLANG_INCLUDE_PATH " -I/usr/local/include  -I/usr/local/bin/../lib/clang/3.4/include  -I/usr/include/x86_64-linux-gnu  -I/usr/include  "
#define CLANG_WRAP_PATH "/home/rshariffdeen/workspace/prophet/wrap"
#define CLANG_CMD "/usr/local/bin/clang"
#define GCC_CMD "/usr/bin/gcc"
#define SIZEOF_VOID_P 8
#define SIZEOF_INT 4
#define SIZEOF_LONG 8

configure: exit 0
